<?xml version="1.0" encoding="UTF-8"?>
<testng-results skipped="0" failed="0" ignored="0" total="1" passed="1">
  <reporter-output>
  </reporter-output>
  <suite name="Default suite" duration-ms="10492" started-at="2018-03-15T18:08:24Z" finished-at="2018-03-15T18:08:35Z">
    <groups>
    </groups>
    <test name="Default test" duration-ms="10492" started-at="2018-03-15T18:08:24Z" finished-at="2018-03-15T18:08:35Z">
      <class name="com.easytest.staticframework.tests.Test1">
        <test-method status="PASS" signature="googleTest()[pri:0, instance:com.easytest.staticframework.tests.Test1@59fa1d9b]" name="googleTest" duration-ms="10341" started-at="2018-03-15T18:08:24Z" finished-at="2018-03-15T18:08:35Z">
          <reporter-output>
          </reporter-output>
        </test-method> <!-- googleTest -->
      </class> <!-- com.easytest.staticframework.tests.Test1 -->
    </test> <!-- Default test -->
  </suite> <!-- Default suite -->
</testng-results>
